info: ::1 - - [07/Jul/2022:18:59:34 +0000] "POST /api/v1/users/login HTTP/1.1" 500 52 "http://localhost:3000/" "Mozilla/5.0 (Linux; Android 8.0.0; SM-G955U Build/R16NW) AppleWebKit/537.36 (KHTML, like Gecko) Chrome/87.0.4280.141 Mobile Safari/537.36 Edg/103.0.5060.66"

info: ::1 - - [07/Jul/2022:19:00:24 +0000] "POST /api/v1/users/newuser HTTP/1.1" 500 72 "http://localhost:3000/" "Mozilla/5.0 (Linux; Android 8.0.0; SM-G955U Build/R16NW) AppleWebKit/537.36 (KHTML, like Gecko) Chrome/87.0.4280.141 Mobile Safari/537.36 Edg/103.0.5060.66"

info: ::1 - - [07/Jul/2022:19:02:57 +0000] "POST /api/v1/users/newuser HTTP/1.1" 201 272 "http://localhost:3000/" "Mozilla/5.0 (Linux; Android 8.0.0; SM-G955U Build/R16NW) AppleWebKit/537.36 (KHTML, like Gecko) Chrome/87.0.4280.141 Mobile Safari/537.36 Edg/103.0.5060.66"

info: ::1 - - [07/Jul/2022:19:03:38 +0000] "POST /api/v1/users/login HTTP/1.1" 200 246 "http://localhost:3000/" "Mozilla/5.0 (Linux; Android 8.0.0; SM-G955U Build/R16NW) AppleWebKit/537.36 (KHTML, like Gecko) Chrome/87.0.4280.141 Mobile Safari/537.36 Edg/103.0.5060.66"

info: ::1 - - [07/Jul/2022:19:11:21 +0000] "GET / HTTP/1.1" 404 47 "-" "Mozilla/5.0 (Windows NT 10.0; Win64; x64) AppleWebKit/537.36 (KHTML, like Gecko) Chrome/103.0.5060.66 Safari/537.36 Edg/103.0.1264.44"

info: ::1 - - [07/Jul/2022:19:11:24 +0000] "GET /favicon.ico HTTP/1.1" 404 47 "-" "Mozilla/5.0 (Windows NT 10.0; Win64; x64) AppleWebKit/537.36 (KHTML, like Gecko) Chrome/103.0.5060.66 Safari/537.36 Edg/103.0.1264.44"

info: ::1 - - [08/Jul/2022:02:13:24 +0000] "POST /api/v1/users/newuser HTTP/1.1" 201 270 "-" "PostmanRuntime/7.29.0"

info: ::1 - - [08/Jul/2022:02:14:24 +0000] "POST /api/v1/users/login HTTP/1.1" 200 247 "-" "PostmanRuntime/7.29.0"

info: ::1 - - [08/Jul/2022:02:15:04 +0000] "GET /api/v1/books/getAll HTTP/1.1" 200 8336 "-" "PostmanRuntime/7.29.0"

info: ::1 - - [08/Jul/2022:02:15:30 +0000] "GET /api/v1/books/getbyId/6214803b05253301a4fda584 HTTP/1.1" 200 1283 "-" "PostmanRuntime/7.29.0"

info: ::1 - - [08/Jul/2022:02:16:11 +0000] "POST /api/v1/cart/6214803b05253301a4fda584 HTTP/1.1" 201 1053 "-" "PostmanRuntime/7.29.0"

info: ::1 - - [08/Jul/2022:02:17:01 +0000] "POST /api/v1/cart/6214803b05253301a4fda584 HTTP/1.1" 201 1053 "-" "PostmanRuntime/7.29.0"

info: ::1 - - [08/Jul/2022:02:24:01 +0000] "POST /api/v1/cart/6214803b05253301a4fda584 HTTP/1.1" 201 1941 "-" "PostmanRuntime/7.29.0"

info: ::1 - - [08/Jul/2022:02:24:17 +0000] "GET /api/v1/cart HTTP/1.1" 200 2823 "-" "PostmanRuntime/7.29.0"

info: ::1 - - [08/Jul/2022:02:25:26 +0000] "PUT /api/v1/cart/update/6214803b05253301a4fda584 HTTP/1.1" 202 2810 "-" "PostmanRuntime/7.29.0"

info: ::1 - - [08/Jul/2022:02:25:45 +0000] "GET /api/v1/cart HTTP/1.1" 200 2823 "-" "PostmanRuntime/7.29.0"

info: ::1 - - [08/Jul/2022:02:26:12 +0000] "DELETE /api/v1/cart/remove/6214803b05253301a4fda584 HTTP/1.1" 400 51 "-" "PostmanRuntime/7.29.0"

info: ::1 - - [08/Jul/2022:02:26:28 +0000] "DELETE /api/v1/cart/remove/6214803b05253301a4fda584 HTTP/1.1" 400 51 "-" "PostmanRuntime/7.29.0"

info: ::1 - - [08/Jul/2022:02:52:14 +0000] "GET /api/v1/cart HTTP/1.1" 200 2823 "-" "PostmanRuntime/7.29.0"

info: ::1 - - [08/Jul/2022:02:53:10 +0000] "DELETE /api/v1/cart/remove/6214803b05253301a4fda584 HTTP/1.1" 400 51 "-" "PostmanRuntime/7.29.0"

info: ::1 - - [08/Jul/2022:03:10:37 +0000] "DELETE /api/v1/cart/remove/6214803b05253301a4fda584 HTTP/1.1" 400 51 "-" "PostmanRuntime/7.29.0"

info: ::1 - - [08/Jul/2022:03:44:34 +0000] "POST /api/v1/users/newuser HTTP/1.1" 201 271 "http://localhost:3000/" "Mozilla/5.0 (Linux; Android 6.0; Nexus 5 Build/MRA58N) AppleWebKit/537.36 (KHTML, like Gecko) Chrome/103.0.5060.66 Mobile Safari/537.36 Edg/103.0.1264.44"

info: ::1 - - [08/Jul/2022:11:42:08 +0000] "GET /api/v1/cart/getAll HTTP/1.1" 404 47 "-" "PostmanRuntime/7.29.0"

info: ::1 - - [08/Jul/2022:11:44:51 +0000] "GET /api/v1/cart HTTP/1.1" 200 2823 "-" "PostmanRuntime/7.29.0"

info: ::1 - - [08/Jul/2022:11:45:55 +0000] "PUT /api/v1/cart/6214803b05253301a4fda584 HTTP/1.1" 404 47 "-" "PostmanRuntime/7.29.0"

info: ::1 - - [08/Jul/2022:11:46:09 +0000] "PUT /api/v1/cart/update/6214803b05253301a4fda584 HTTP/1.1" 202 2810 "-" "PostmanRuntime/7.29.0"

info: ::1 - - [08/Jul/2022:11:47:18 +0000] "DELETE /api/v1/cart/remove/6214803b05253301a4fda584 HTTP/1.1" 400 51 "-" "PostmanRuntime/7.29.0"

info: ::1 - - [08/Jul/2022:11:54:29 +0000] "DELETE /api/v1/cart/remove/6214803b05253301a4fda584 HTTP/1.1" 200 1932 "-" "PostmanRuntime/7.29.0"

info: ::1 - - [08/Jul/2022:11:55:33 +0000] "GET /api/v1/cart HTTP/1.1" 200 1935 "-" "PostmanRuntime/7.29.0"

info: ::1 - - [08/Jul/2022:11:58:22 +0000] "GET /api/v1/cart HTTP/1.1" 200 1935 "-" "PostmanRuntime/7.29.0"

info: ::1 - - [08/Jul/2022:11:58:36 +0000] "DELETE /api/v1/cart/remove/6214803b05253301a4fda584 HTTP/1.1" 404 47 "-" "PostmanRuntime/7.29.0"

info: ::1 - - [08/Jul/2022:11:59:53 +0000] "DELETE /api/v1/cart/remove/6214803b05253301a4fda584 HTTP/1.1" 200 1044 "-" "PostmanRuntime/7.29.0"

info: ::1 - - [08/Jul/2022:12:00:24 +0000] "GET /api/v1/cart HTTP/1.1" 200 1047 "-" "PostmanRuntime/7.29.0"

info: ::1 - - [08/Jul/2022:12:02:15 +0000] "PUT /api/v1/cart/update/6214803b05253301a4fda584 HTTP/1.1" 202 1035 "-" "PostmanRuntime/7.29.0"

info: ::1 - - [08/Jul/2022:12:03:01 +0000] "GET /api/v1/cart HTTP/1.1" 200 1048 "-" "PostmanRuntime/7.29.0"

info: ::1 - - [08/Jul/2022:12:07:59 +0000] "POST /api/v1/users/newuser HTTP/1.1" 201 263 "-" "PostmanRuntime/7.29.0"

info: ::1 - - [08/Jul/2022:12:08:25 +0000] "POST /api/v1/users/login HTTP/1.1" 200 246 "-" "PostmanRuntime/7.29.0"

info: ::1 - - [08/Jul/2022:12:09:03 +0000] "GET /api/v1/cart HTTP/1.1" 400 51 "-" "PostmanRuntime/7.29.0"

info: ::1 - - [08/Jul/2022:12:09:32 +0000] "GET /api/v1/books/getAll HTTP/1.1" 200 8336 "-" "PostmanRuntime/7.29.0"

info: ::1 - - [08/Jul/2022:12:38:38 +0000] "POST /api/v1/cart/621588d505253301a4fda5cf HTTP/1.1" 201 356 "-" "PostmanRuntime/7.29.0"

info: ::1 - - [08/Jul/2022:12:39:47 +0000] "GET /api/v1/cart/getAll HTTP/1.1" 404 47 "-" "PostmanRuntime/7.29.0"

info: ::1 - - [08/Jul/2022:12:39:57 +0000] "GET /api/v1/cart HTTP/1.1" 200 350 "-" "PostmanRuntime/7.29.0"

info: ::1 - - [08/Jul/2022:12:40:20 +0000] "GET /api/v1/books/getAll HTTP/1.1" 200 8336 "-" "PostmanRuntime/7.29.0"

info: ::1 - - [08/Jul/2022:12:40:43 +0000] "POST /api/v1/cart/6215888305253301a4fda5cd HTTP/1.1" 201 356 "-" "PostmanRuntime/7.29.0"

info: ::1 - - [08/Jul/2022:12:41:05 +0000] "GET /api/v1/cart HTTP/1.1" 200 548 "-" "PostmanRuntime/7.29.0"

info: ::1 - - [08/Jul/2022:12:41:47 +0000] "PUT /api/v1/cart/update/621588d505253301a4fda5cf HTTP/1.1" 202 536 "-" "PostmanRuntime/7.29.0"

info: ::1 - - [08/Jul/2022:12:42:27 +0000] "DELETE /api/v1/cart/delete/621588d505253301a4fda5cf HTTP/1.1" 404 47 "-" "PostmanRuntime/7.29.0"

info: ::1 - - [08/Jul/2022:12:42:39 +0000] "DELETE /api/v1/cart/remove/621588d505253301a4fda5cf HTTP/1.1" 200 353 "-" "PostmanRuntime/7.29.0"

info: ::1 - - [08/Jul/2022:12:42:59 +0000] "GET /api/v1/cart HTTP/1.1" 200 356 "-" "PostmanRuntime/7.29.0"

info: ::1 - - [08/Jul/2022:12:43:57 +0000] "GET /api/v1/books/getAll HTTP/1.1" 200 8336 "-" "PostmanRuntime/7.29.0"

info: ::1 - - [08/Jul/2022:12:44:17 +0000] "POST /api/v1/cart/6214803b05253301a4fda584 HTTP/1.1" 201 362 "-" "PostmanRuntime/7.29.0"

info: ::1 - - [08/Jul/2022:12:44:34 +0000] "DELETE /api/v1/cart/remove/6214803b05253301a4fda584 HTTP/1.1" 200 353 "-" "PostmanRuntime/7.29.0"

info: ::1 - - [08/Jul/2022:12:45:20 +0000] "POST /api/v1/cart/6214803b05253301a4fda584 HTTP/1.1" 201 362 "-" "PostmanRuntime/7.29.0"

info: ::1 - - [08/Jul/2022:12:45:44 +0000] "GET /api/v1/cart HTTP/1.1" 200 1244 "-" "PostmanRuntime/7.29.0"

info: ::1 - - [08/Jul/2022:12:46:26 +0000] "DELETE /api/v1/cart/remove/6214803b05253301a4fda584 HTTP/1.1" 200 353 "-" "PostmanRuntime/7.29.0"

info: ::1 - - [08/Jul/2022:12:48:19 +0000] "DELETE /api/v1/cart HTTP/1.1" 404 47 "-" "PostmanRuntime/7.29.0"

info: ::1 - - [08/Jul/2022:12:48:30 +0000] "GET /api/v1/cart HTTP/1.1" 200 356 "-" "PostmanRuntime/7.29.0"

info: ::1 - - [08/Jul/2022:13:01:08 +0000] "GET /api/v1/wishlist HTTP/1.1" 400 51 "-" "PostmanRuntime/7.29.0"

info: ::1 - - [08/Jul/2022:13:12:54 +0000] "POST /api/v1/wishlist/6214803b05253301a4fda584 HTTP/1.1" 201 1060 "-" "PostmanRuntime/7.29.0"

info: ::1 - - [08/Jul/2022:13:13:34 +0000] "POST /api/v1/wishlist/6215888305253301a4fda5cd HTTP/1.1" 201 1060 "-" "PostmanRuntime/7.29.0"

info: ::1 - - [08/Jul/2022:13:13:50 +0000] "GET /api/v1/wishlist HTTP/1.1" 200 1235 "-" "PostmanRuntime/7.29.0"

info: ::1 - - [08/Jul/2022:13:14:18 +0000] "DELETE /api/v1/wishlist/remove/62c82d7e2fa91e0340963fee HTTP/1.1" 400 81 "-" "PostmanRuntime/7.29.0"

info: ::1 - - [08/Jul/2022:13:27:50 +0000] "DELETE /api/v1/wishlist/remove/62c82d7e2fa91e0340963fee HTTP/1.1" 400 81 "-" "PostmanRuntime/7.29.0"

info: ::1 - - [08/Jul/2022:13:31:00 +0000] "DELETE /api/v1/wishlist/remove/62c82d7e2fa91e0340963fee HTTP/1.1" 200 1047 "-" "PostmanRuntime/7.29.0"

info: ::1 - - [08/Jul/2022:13:31:47 +0000] "POST /api/v1/wishlist/6215178d05253301a4fda5c4 HTTP/1.1" 201 1060 "-" "PostmanRuntime/7.29.0"

info: ::1 - - [08/Jul/2022:13:32:29 +0000] "POST /api/v1/wishlist/6215178d05253301a4fda5c4 HTTP/1.1" 201 1267 "-" "PostmanRuntime/7.29.0"

info: ::1 - - [08/Jul/2022:13:33:14 +0000] "POST /api/v1/wishlist/621588d505253301a4fda5cf HTTP/1.1" 201 1474 "-" "PostmanRuntime/7.29.0"

info: ::1 - - [08/Jul/2022:13:35:00 +0000] "DELETE /api/v1/wishlist/remove/6215178d05253301a4fda5c4 HTTP/1.1" 200 1446 "-" "PostmanRuntime/7.29.0"

info: ::1 - - [08/Jul/2022:13:35:23 +0000] "DELETE /api/v1/wishlist/remove/6215178d05253301a4fda5c4 HTTP/1.1" 200 1239 "-" "PostmanRuntime/7.29.0"

info: ::1 - - [08/Jul/2022:13:35:46 +0000] "DELETE /api/v1/wishlist/remove/621588d505253301a4fda5cf HTTP/1.1" 200 1047 "-" "PostmanRuntime/7.29.0"

info: ::1 - - [08/Jul/2022:14:00:53 +0000] "DELETE /api/v1/customer HTTP/1.1" 404 47 "-" "PostmanRuntime/7.29.0"

info: ::1 - - [08/Jul/2022:14:01:04 +0000] "POST /api/v1/customer HTTP/1.1" 400 132 "-" "PostmanRuntime/7.29.0"

info: ::1 - - [08/Jul/2022:14:04:33 +0000] "POST /api/v1/customer HTTP/1.1" 201 184 "-" "PostmanRuntime/7.29.0"

info: ::1 - - [08/Jul/2022:14:06:47 +0000] "GET /api/v1/cart HTTP/1.1" 200 356 "-" "PostmanRuntime/7.29.0"

info: ::1 - - [08/Jul/2022:14:07:27 +0000] "PUT /api/v1/order/6215888305253301a4fda5cd HTTP/1.1" 404 47 "-" "PostmanRuntime/7.29.0"

info: ::1 - - [08/Jul/2022:14:09:01 +0000] "PUT /api/v1/order HTTP/1.1" 202 1045 "-" "PostmanRuntime/7.29.0"

