info: ::1 - - [07/Jul/2022:07:24:33 +0000] "POST /api/v1/cart/update/6214803b05253301a4fda584 HTTP/1.1" 400 167 "-" "PostmanRuntime/7.29.0"

info: ::1 - - [07/Jul/2022:07:27:26 +0000] "POST /api/v1/cart/update/6214803b05253301a4fda584 HTTP/1.1" 400 167 "-" "PostmanRuntime/7.29.0"

info: ::1 - - [07/Jul/2022:07:33:39 +0000] "POST /api/v1/cart/update/6214803b05253301a4fda584 HTTP/1.1" 400 64 "-" "PostmanRuntime/7.29.0"

info: ::1 - - [07/Jul/2022:07:34:55 +0000] "POST /api/v1/cart/update/6214803b05253301a4fda584 HTTP/1.1" 200 1046 "-" "PostmanRuntime/7.29.0"

info: ::1 - - [07/Jul/2022:13:52:58 +0000] "POST /api/v1/books/getAll HTTP/1.1" 404 47 "-" "PostmanRuntime/7.29.0"

info: ::1 - - [07/Jul/2022:13:53:07 +0000] "GET /api/v1/books/getAll HTTP/1.1" 200 8336 "-" "PostmanRuntime/7.29.0"

info: ::1 - - [07/Jul/2022:13:53:57 +0000] "POST /api/v1/wishlist/621588f105253301a4fda5d0 HTTP/1.1" 400 83 "-" "PostmanRuntime/7.29.0"

info: ::1 - - [07/Jul/2022:13:54:43 +0000] "POST /api/v1/wishlist/621588f105253301a4fda5d0 HTTP/1.1" 400 60 "-" "PostmanRuntime/7.29.0"

info: ::1 - - [07/Jul/2022:13:56:25 +0000] "POST /api/v1/wishlist/621588f105253301a4fda5d0 HTTP/1.1" 201 324 "-" "PostmanRuntime/7.29.0"

info: ::1 - - [07/Jul/2022:13:57:08 +0000] "GET /api/v1/getAll HTTP/1.1" 404 47 "-" "PostmanRuntime/7.29.0"

info: ::1 - - [07/Jul/2022:13:57:18 +0000] "GET /api/v1/books/getAll HTTP/1.1" 200 8336 "-" "PostmanRuntime/7.29.0"

info: ::1 - - [07/Jul/2022:13:57:44 +0000] "POST /api/v1/wishlist/6214803b05253301a4fda584 HTTP/1.1" 201 1212 "-" "PostmanRuntime/7.29.0"

info: ::1 - - [07/Jul/2022:14:22:00 +0000] "GET /api/v1/wishlist HTTP/1.1" 400 51 "-" "PostmanRuntime/7.29.0"

info: ::1 - - [07/Jul/2022:14:22:34 +0000] "GET /api/v1/wishlist/ HTTP/1.1" 400 51 "-" "PostmanRuntime/7.29.0"

info: ::1 - - [07/Jul/2022:14:25:04 +0000] "GET /api/v1/wishlist/ HTTP/1.1" 400 51 "-" "PostmanRuntime/7.29.0"

info: ::1 - - [07/Jul/2022:14:25:19 +0000] "POST /api/v1/wishlist/6214803b05253301a4fda584 HTTP/1.1" 201 1032 "-" "PostmanRuntime/7.29.0"

info: ::1 - - [07/Jul/2022:14:25:45 +0000] "GET /api/v1/wishlist HTTP/1.1" 400 51 "-" "PostmanRuntime/7.29.0"

info: ::1 - - [07/Jul/2022:14:28:40 +0000] "POST /api/v1/wishlist/6214803b05253301a4fda584 HTTP/1.1" 201 1032 "-" "PostmanRuntime/7.29.0"

info: ::1 - - [07/Jul/2022:14:29:12 +0000] "GET /api/v1/wishlist HTTP/1.1" 400 51 "-" "PostmanRuntime/7.29.0"

info: ::1 - - [07/Jul/2022:14:48:45 +0000] "GET /api/v1/wishlist HTTP/1.1" 400 51 "-" "PostmanRuntime/7.29.0"

info: ::1 - - [07/Jul/2022:14:58:30 +0000] "POST /api/v1/wishlist/6214803b05253301a4fda584 HTTP/1.1" 201 1032 "-" "PostmanRuntime/7.29.0"

info: ::1 - - [07/Jul/2022:14:58:45 +0000] "GET /api/v1/wishlist HTTP/1.1" 400 51 "-" "PostmanRuntime/7.29.0"

info: ::1 - - [07/Jul/2022:15:03:55 +0000] "GET /api/v1/wishlist/ HTTP/1.1" 400 51 "-" "PostmanRuntime/7.29.0"

info: ::1 - - [07/Jul/2022:15:04:15 +0000] "POST /api/v1/wishlist/6214803b05253301a4fda584 HTTP/1.1" 201 1032 "-" "PostmanRuntime/7.29.0"

info: ::1 - - [07/Jul/2022:15:05:54 +0000] "POST /api/v1/users/login HTTP/1.1" 200 274 "-" "PostmanRuntime/7.29.0"

info: ::1 - - [07/Jul/2022:15:06:26 +0000] "POST /api/v1/wishlist/6214803b05253301a4fda584 HTTP/1.1" 201 1032 "-" "PostmanRuntime/7.29.0"

info: ::1 - - [07/Jul/2022:15:07:15 +0000] "GET /api/v1/wishlist HTTP/1.1" 400 51 "-" "PostmanRuntime/7.29.0"

info: ::1 - - [07/Jul/2022:15:12:30 +0000] "POST /api/v1/wishlist/6214803b05253301a4fda584 HTTP/1.1" 201 1060 "-" "PostmanRuntime/7.29.0"

info: ::1 - - [07/Jul/2022:15:12:44 +0000] "GET /api/v1/wishlist HTTP/1.1" 200 1046 "-" "PostmanRuntime/7.29.0"

info: ::1 - - [07/Jul/2022:15:13:07 +0000] "GET /api/v1/books/getAll HTTP/1.1" 200 8336 "-" "PostmanRuntime/7.29.0"

info: ::1 - - [07/Jul/2022:15:13:33 +0000] "POST /api/v1/wishlist/6215178d05253301a4fda5c4 HTTP/1.1" 201 1060 "-" "PostmanRuntime/7.29.0"

info: ::1 - - [07/Jul/2022:15:13:46 +0000] "GET /api/v1/wishlist HTTP/1.1" 200 1253 "-" "PostmanRuntime/7.29.0"

