info: ::1 - - [05/Jul/2022:18:59:57 +0000] "POST /api/v1/cart/6215178d05253301a4fda5c4 HTTP/1.1" 400 64 "-" "PostmanRuntime/7.29.0"

info: ::1 - - [05/Jul/2022:19:02:40 +0000] "POST /api/v1/cart/6215178d05253301a4fda5c4 HTTP/1.1" 201 358 "-" "PostmanRuntime/7.29.0"

info: ::1 - - [05/Jul/2022:19:03:47 +0000] "POST /api/v1/cart/6215178d05253301a4fda5c4 HTTP/1.1" 201 358 "-" "PostmanRuntime/7.29.0"

info: ::1 - - [05/Jul/2022:19:04:38 +0000] "POST /api/v1/cart/6215888305253301a4fda5cd HTTP/1.1" 201 349 "-" "PostmanRuntime/7.29.0"

info: ::1 - - [05/Jul/2022:19:13:23 +0000] "POST /api/v1/cart/6215888305253301a4fda5cd HTTP/1.1" 201 334 "-" "PostmanRuntime/7.29.0"

info: ::1 - - [06/Jul/2022:06:22:32 +0000] "GET /api/v1/cart HTTP/1.1" 200 352 "-" "PostmanRuntime/7.29.0"

info: ::1 - - [06/Jul/2022:06:27:25 +0000] "GET /api/v1/cart HTTP/1.1" 200 328 "-" "PostmanRuntime/7.29.0"

info: ::1 - - [06/Jul/2022:06:28:35 +0000] "POST /api/v1/cart/6214803b05253301a4fda584 HTTP/1.1" 201 1024 "-" "PostmanRuntime/7.29.0"

info: ::1 - - [06/Jul/2022:06:28:58 +0000] "GET /api/v1/cart HTTP/1.1" 200 328 "-" "PostmanRuntime/7.29.0"

info: ::1 - - [06/Jul/2022:06:31:09 +0000] "GET /api/v1/cart HTTP/1.1" 400 144 "-" "PostmanRuntime/7.29.0"

info: ::1 - - [06/Jul/2022:06:32:56 +0000] "GET /api/v1/cart HTTP/1.1" 400 144 "-" "PostmanRuntime/7.29.0"

info: ::1 - - [06/Jul/2022:06:34:14 +0000] "GET /api/v1/cart HTTP/1.1" 400 144 "-" "PostmanRuntime/7.29.0"

info: ::1 - - [06/Jul/2022:06:39:27 +0000] "GET /api/v1/cart HTTP/1.1" 400 144 "-" "PostmanRuntime/7.29.0"

info: ::1 - - [06/Jul/2022:06:40:47 +0000] "GET /api/v1/cart HTTP/1.1" 400 144 "-" "PostmanRuntime/7.29.0"

info: ::1 - - [06/Jul/2022:06:40:51 +0000] "GET /api/v1/cart HTTP/1.1" 400 144 "-" "PostmanRuntime/7.29.0"

info: ::1 - - [06/Jul/2022:06:42:19 +0000] "GET /api/v1/cart HTTP/1.1" 400 144 "-" "PostmanRuntime/7.29.0"

info: ::1 - - [06/Jul/2022:06:45:35 +0000] "GET /api/v1/cart HTTP/1.1" 400 144 "-" "PostmanRuntime/7.29.0"

info: ::1 - - [06/Jul/2022:06:50:27 +0000] "GET /api/v1/cart HTTP/1.1" 400 144 "-" "PostmanRuntime/7.29.0"

info: ::1 - - [06/Jul/2022:06:52:07 +0000] "GET /api/v1/cart HTTP/1.1" 200 328 "-" "PostmanRuntime/7.29.0"

info: ::1 - - [06/Jul/2022:07:51:04 +0000] "GET /api/v1/carts HTTP/1.1" 404 47 "-" "PostmanRuntime/7.29.0"

info: ::1 - - [06/Jul/2022:07:51:12 +0000] "GET /api/v1/carts HTTP/1.1" 404 47 "-" "PostmanRuntime/7.29.0"

info: ::1 - - [06/Jul/2022:07:51:16 +0000] "GET /api/v1/cart HTTP/1.1" 400 60 "-" "PostmanRuntime/7.29.0"

info: ::1 - - [06/Jul/2022:07:54:30 +0000] "GET /api/v1/cart HTTP/1.1" 400 51 "-" "PostmanRuntime/7.29.0"

info: ::1 - - [06/Jul/2022:07:55:44 +0000] "GET /api/v1/cart HTTP/1.1" 400 51 "-" "PostmanRuntime/7.29.0"

info: ::1 - - [06/Jul/2022:07:57:52 +0000] "GET /api/v1/cart HTTP/1.1" 400 51 "-" "PostmanRuntime/7.29.0"

info: ::1 - - [06/Jul/2022:07:58:02 +0000] "GET /api/v1/cart HTTP/1.1" 400 56 "-" "PostmanRuntime/7.29.0"

info: ::1 - - [06/Jul/2022:07:58:15 +0000] "GET /api/v1/cart HTTP/1.1" 400 51 "-" "PostmanRuntime/7.29.0"

info: ::1 - - [06/Jul/2022:07:59:48 +0000] "POST /api/v1/cart/update/62c48d52586fa03ad0440371 HTTP/1.1" 400 59 "-" "PostmanRuntime/7.29.0"

info: ::1 - - [06/Jul/2022:08:00:11 +0000] "POST /api/v1/cart/62c48d52586fa03ad0440371 HTTP/1.1" 400 52 "-" "PostmanRuntime/7.29.0"

info: ::1 - - [06/Jul/2022:08:06:01 +0000] "POST /api/v1/cart/62c48d52586fa03ad0440371 HTTP/1.1" 400 52 "-" "PostmanRuntime/7.29.0"

info: ::1 - - [06/Jul/2022:08:06:30 +0000] "POST /api/v1/users/login HTTP/1.1" 200 274 "-" "PostmanRuntime/7.29.0"

info: ::1 - - [06/Jul/2022:08:07:04 +0000] "POST /api/v1/cart/62c48d52586fa03ad0440371 HTTP/1.1" 400 52 "-" "PostmanRuntime/7.29.0"

info: ::1 - - [06/Jul/2022:08:07:37 +0000] "GET /api/v1/books/getAll HTTP/1.1" 200 8336 "-" "PostmanRuntime/7.29.0"

info: ::1 - - [06/Jul/2022:08:08:08 +0000] "POST /api/v1/cart/6214803b05253301a4fda584 HTTP/1.1" 201 1052 "-" "PostmanRuntime/7.29.0"

info: ::1 - - [06/Jul/2022:08:08:36 +0000] "GET /api/v1/cart HTTP/1.1" 200 1046 "-" "PostmanRuntime/7.29.0"

info: ::1 - - [06/Jul/2022:08:08:57 +0000] "POST /api/v1/cart/update/6214803b05253301a4fda584 HTTP/1.1" 404 47 "-" "PostmanRuntime/7.29.0"

info: ::1 - - [06/Jul/2022:08:12:35 +0000] "POST /api/v1/cart/update/6214803b05253301a4fda584 HTTP/1.1" 400 65 "-" "PostmanRuntime/7.29.0"

info: ::1 - - [06/Jul/2022:08:17:10 +0000] "POST /api/v1/cart/update/6214803b05253301a4fda584 HTTP/1.1" 400 59 "-" "PostmanRuntime/7.29.0"

info: ::1 - - [06/Jul/2022:08:21:58 +0000] "POST /api/v1/cart/update/6214803b05253301a4fda584 HTTP/1.1" 400 169 "-" "PostmanRuntime/7.29.0"

info: ::1 - - [06/Jul/2022:08:22:24 +0000] "POST /api/v1/cart/update/6214803b05253301a4fda584 HTTP/1.1" 400 167 "-" "PostmanRuntime/7.29.0"

info: ::1 - - [06/Jul/2022:08:38:15 +0000] "POST /api/v1/cart/update/6214803b05253301a4fda584 HTTP/1.1" 400 167 "-" "PostmanRuntime/7.29.0"

info: ::1 - - [06/Jul/2022:09:00:04 +0000] "POST /api/v1/cart/update/6214803b05253301a4fda584 HTTP/1.1" 400 167 "-" "PostmanRuntime/7.29.0"

info: ::1 - - [06/Jul/2022:16:28:46 +0000] "POST /api/v1/cart/update/6214803b05253301a4fda584 HTTP/1.1" 400 167 "-" "PostmanRuntime/7.29.0"

info: ::1 - - [06/Jul/2022:16:31:08 +0000] "POST /api/v1/cart/update/6214803b05253301a4fda584 HTTP/1.1" 400 141 "-" "PostmanRuntime/7.29.0"

info: ::1 - - [06/Jul/2022:16:39:38 +0000] "POST /api/v1/cart/update/6214803b05253301a4fda584 HTTP/1.1" 400 76 "-" "PostmanRuntime/7.29.0"

info: ::1 - - [06/Jul/2022:16:40:31 +0000] "POST /api/v1/cart/update/6214803b05253301a4fda584 HTTP/1.1" 400 88 "-" "PostmanRuntime/7.29.0"

info: ::1 - - [06/Jul/2022:16:41:20 +0000] "POST /api/v1/cart/update/6214803b05253301a4fda584 HTTP/1.1" 400 91 "-" "PostmanRuntime/7.29.0"

info: ::1 - - [06/Jul/2022:16:44:46 +0000] "POST /api/v1/cart/update/6214803b05253301a4fda584 HTTP/1.1" 400 91 "-" "PostmanRuntime/7.29.0"

info: ::1 - - [06/Jul/2022:16:47:43 +0000] "POST /api/v1/cart/update/6214803b05253301a4fda584 HTTP/1.1" 400 91 "-" "PostmanRuntime/7.29.0"

info: ::1 - - [06/Jul/2022:16:49:04 +0000] "POST /api/v1/cart/update/6214803b05253301a4fda584 HTTP/1.1" 400 91 "-" "PostmanRuntime/7.29.0"

info: ::1 - - [06/Jul/2022:16:51:30 +0000] "POST /api/v1/cart/update/6214803b05253301a4fda584 HTTP/1.1" 400 167 "-" "PostmanRuntime/7.29.0"

info: ::1 - - [06/Jul/2022:16:54:51 +0000] "POST /api/v1/cart/update/6214803b05253301a4fda584 HTTP/1.1" 400 167 "-" "PostmanRuntime/7.29.0"

info: ::1 - - [06/Jul/2022:17:04:33 +0000] "POST /api/v1/cart/update/6214803b05253301a4fda584 HTTP/1.1" 400 167 "-" "PostmanRuntime/7.29.0"

info: ::1 - - [06/Jul/2022:17:10:03 +0000] "POST /api/v1/cart/update/6214803b05253301a4fda584 HTTP/1.1" 400 167 "-" "PostmanRuntime/7.29.0"

info: ::1 - - [06/Jul/2022:17:13:12 +0000] "POST /api/v1/cart/update/6214803b05253301a4fda584 HTTP/1.1" 400 101 "-" "PostmanRuntime/7.29.0"

info: ::1 - - [06/Jul/2022:17:13:42 +0000] "POST /api/v1/cart/update/6214803b05253301a4fda584 HTTP/1.1" 200 1033 "-" "PostmanRuntime/7.29.0"

info: ::1 - - [06/Jul/2022:17:16:58 +0000] "POST /api/v1/cart/update/6214803b05253301a4fda584 HTTP/1.1" 400 167 "-" "PostmanRuntime/7.29.0"

info: ::1 - - [06/Jul/2022:17:18:51 +0000] "POST /api/v1/cart/update/6214803b05253301a4fda584 HTTP/1.1" 400 167 "-" "PostmanRuntime/7.29.0"

info: ::1 - - [06/Jul/2022:17:24:45 +0000] "POST /api/v1/cart/update/6214803b05253301a4fda584 HTTP/1.1" 400 88 "-" "PostmanRuntime/7.29.0"

info: ::1 - - [06/Jul/2022:17:25:54 +0000] "POST /api/v1/cart/update/6214803b05253301a4fda584 HTTP/1.1" 400 91 "-" "PostmanRuntime/7.29.0"

info: ::1 - - [06/Jul/2022:17:31:17 +0000] "POST /api/v1/cart/update/6214803b05253301a4fda584 HTTP/1.1" 400 95 "-" "PostmanRuntime/7.29.0"

info: ::1 - - [06/Jul/2022:17:32:50 +0000] "POST /api/v1/cart/update/6214803b05253301a4fda584 HTTP/1.1" 400 99 "-" "PostmanRuntime/7.29.0"

info: ::1 - - [06/Jul/2022:17:38:45 +0000] "POST /api/v1/cart/update/6214803b05253301a4fda584 HTTP/1.1" 400 167 "-" "PostmanRuntime/7.29.0"

info: ::1 - - [06/Jul/2022:17:41:09 +0000] "POST /api/v1/cart/update/6214803b05253301a4fda584 HTTP/1.1" 400 51 "-" "PostmanRuntime/7.29.0"

info: ::1 - - [06/Jul/2022:17:41:41 +0000] "GET /api/v1/cart HTTP/1.1" 200 1046 "-" "PostmanRuntime/7.29.0"

info: ::1 - - [06/Jul/2022:17:42:06 +0000] "POST /api/v1/cart/update/6214803b05253301a4fda584 HTTP/1.1" 400 51 "-" "PostmanRuntime/7.29.0"

info: ::1 - - [06/Jul/2022:17:48:55 +0000] "POST /api/v1/cart/update/6214803b05253301a4fda584 HTTP/1.1" 400 154 "-" "PostmanRuntime/7.29.0"

info: ::1 - - [06/Jul/2022:17:50:49 +0000] "POST /api/v1/cart/update/6214803b05253301a4fda584 HTTP/1.1" 400 154 "-" "PostmanRuntime/7.29.0"

info: ::1 - - [06/Jul/2022:17:52:14 +0000] "POST /api/v1/cart/update/6214803b05253301a4fda584 HTTP/1.1" 400 154 "-" "PostmanRuntime/7.29.0"

