info: Server started at http://localhost:3001/api/v1/ {"timestamp":"2022-07-05T18:33:16.248Z"}
info: Connected to the database. {"timestamp":"2022-07-05T18:33:19.769Z"}
info: Server started at http://localhost:3001/api/v1/ {"timestamp":"2022-07-05T18:35:36.914Z"}
info: Connected to the database. {"timestamp":"2022-07-05T18:35:41.186Z"}
info: Server started at http://localhost:3001/api/v1/ {"timestamp":"2022-07-05T18:36:12.508Z"}
info: Connected to the database. {"timestamp":"2022-07-05T18:36:15.670Z"}
info: Server started at http://localhost:3001/api/v1/ {"timestamp":"2022-07-05T18:39:51.475Z"}
info: Connected to the database. {"timestamp":"2022-07-05T18:39:54.659Z"}
info: Server started at http://localhost:3001/api/v1/ {"timestamp":"2022-07-05T18:45:19.129Z"}
info: Connected to the database. {"timestamp":"2022-07-05T18:45:22.304Z"}
info: Server started at http://localhost:3001/api/v1/ {"timestamp":"2022-07-05T18:48:47.290Z"}
info: Connected to the database. {"timestamp":"2022-07-05T18:48:50.687Z"}
info: Server started at http://localhost:3001/api/v1/ {"timestamp":"2022-07-05T18:53:45.115Z"}
info: Connected to the database. {"timestamp":"2022-07-05T18:53:48.423Z"}
info: Server started at http://localhost:3001/api/v1/ {"timestamp":"2022-07-05T18:54:39.188Z"}
info: Connected to the database. {"timestamp":"2022-07-05T18:54:42.739Z"}
info: Server started at http://localhost:3001/api/v1/ {"timestamp":"2022-07-05T18:56:02.564Z"}
info: Connected to the database. {"timestamp":"2022-07-05T18:56:07.646Z"}
info: Server started at http://localhost:3001/api/v1/ {"timestamp":"2022-07-05T18:59:27.423Z"}
info: Connected to the database. {"timestamp":"2022-07-05T18:59:31.196Z"}
info: Server started at http://localhost:3001/api/v1/ {"timestamp":"2022-07-05T19:02:31.035Z"}
info: Connected to the database. {"timestamp":"2022-07-05T19:02:34.294Z"}
info: Server started at http://localhost:3001/api/v1/ {"timestamp":"2022-07-05T19:03:31.147Z"}
info: Connected to the database. {"timestamp":"2022-07-05T19:03:34.395Z"}
info: Server started at http://localhost:3001/api/v1/ {"timestamp":"2022-07-05T19:13:02.868Z"}
info: Connected to the database. {"timestamp":"2022-07-05T19:13:06.095Z"}
info: Server started at http://localhost:3001/api/v1/ {"timestamp":"2022-07-06T02:15:37.856Z"}
info: Connected to the database. {"timestamp":"2022-07-06T02:15:41.714Z"}
info: Server started at http://localhost:3001/api/v1/ {"timestamp":"2022-07-06T05:55:17.095Z"}
info: Connected to the database. {"timestamp":"2022-07-06T05:55:20.665Z"}
info: Server started at http://localhost:3001/api/v1/ {"timestamp":"2022-07-06T06:13:16.032Z"}
info: Connected to the database. {"timestamp":"2022-07-06T06:13:19.755Z"}
info: Server started at http://localhost:3001/api/v1/ {"timestamp":"2022-07-06T06:14:21.192Z"}
info: Connected to the database. {"timestamp":"2022-07-06T06:14:24.878Z"}
info: Server started at http://localhost:3001/api/v1/ {"timestamp":"2022-07-06T06:15:10.018Z"}
info: Connected to the database. {"timestamp":"2022-07-06T06:15:13.206Z"}
info: Server started at http://localhost:3001/api/v1/ {"timestamp":"2022-07-06T06:16:42.266Z"}
info: Connected to the database. {"timestamp":"2022-07-06T06:16:45.678Z"}
info: Server started at http://localhost:3001/api/v1/ {"timestamp":"2022-07-06T06:30:56.055Z"}
info: Connected to the database. {"timestamp":"2022-07-06T06:30:59.485Z"}
info: Server started at http://localhost:3001/api/v1/ {"timestamp":"2022-07-06T06:32:18.895Z"}
info: Connected to the database. {"timestamp":"2022-07-06T06:32:22.942Z"}
info: Server started at http://localhost:3001/api/v1/ {"timestamp":"2022-07-06T06:33:39.976Z"}
info: Connected to the database. {"timestamp":"2022-07-06T06:33:43.141Z"}
info: Server started at http://localhost:3001/api/v1/ {"timestamp":"2022-07-06T06:40:36.432Z"}
info: Connected to the database. {"timestamp":"2022-07-06T06:40:39.991Z"}
info: Server started at http://localhost:3001/api/v1/ {"timestamp":"2022-07-06T06:41:43.144Z"}
info: Connected to the database. {"timestamp":"2022-07-06T06:41:46.551Z"}
info: Server started at http://localhost:3001/api/v1/ {"timestamp":"2022-07-06T06:43:22.030Z"}
info: Connected to the database. {"timestamp":"2022-07-06T06:43:37.433Z"}
info: Server started at http://localhost:3001/api/v1/ {"timestamp":"2022-07-06T06:44:38.466Z"}
info: Connected to the database. {"timestamp":"2022-07-06T06:44:41.860Z"}
info: Server started at http://localhost:3001/api/v1/ {"timestamp":"2022-07-06T06:45:27.254Z"}
info: Connected to the database. {"timestamp":"2022-07-06T06:45:30.090Z"}
info: Server started at http://localhost:3001/api/v1/ {"timestamp":"2022-07-06T06:50:18.531Z"}
info: Connected to the database. {"timestamp":"2022-07-06T06:50:22.091Z"}
info: Server started at http://localhost:3001/api/v1/ {"timestamp":"2022-07-06T06:51:23.370Z"}
info: Connected to the database. {"timestamp":"2022-07-06T06:51:26.641Z"}
info: Server started at http://localhost:3001/api/v1/ {"timestamp":"2022-07-06T06:51:44.198Z"}
info: Connected to the database. {"timestamp":"2022-07-06T06:51:47.636Z"}
info: Server started at http://localhost:3001/api/v1/ {"timestamp":"2022-07-06T06:55:48.476Z"}
info: Connected to the database. {"timestamp":"2022-07-06T06:55:51.857Z"}
info: Server started at http://localhost:3001/api/v1/ {"timestamp":"2022-07-06T07:00:40.344Z"}
info: Connected to the database. {"timestamp":"2022-07-06T07:00:43.530Z"}
info: Server started at http://localhost:3001/api/v1/ {"timestamp":"2022-07-06T07:15:50.779Z"}
info: Connected to the database. {"timestamp":"2022-07-06T07:15:55.055Z"}
info: Server started at http://localhost:3001/api/v1/ {"timestamp":"2022-07-06T07:16:13.619Z"}
info: Connected to the database. {"timestamp":"2022-07-06T07:16:16.868Z"}
info: Server started at http://localhost:3001/api/v1/ {"timestamp":"2022-07-06T07:27:09.258Z"}
info: Connected to the database. {"timestamp":"2022-07-06T07:27:12.631Z"}
info: Server started at http://localhost:3001/api/v1/ {"timestamp":"2022-07-06T07:43:10.867Z"}
info: Connected to the database. {"timestamp":"2022-07-06T07:43:14.575Z"}
info: Server started at http://localhost:3001/api/v1/ {"timestamp":"2022-07-06T07:44:20.321Z"}
info: Connected to the database. {"timestamp":"2022-07-06T07:44:23.998Z"}
info: Server started at http://localhost:3001/api/v1/ {"timestamp":"2022-07-06T07:45:16.717Z"}
info: Connected to the database. {"timestamp":"2022-07-06T07:45:20.221Z"}
info: Server started at http://localhost:3001/api/v1/ {"timestamp":"2022-07-06T07:46:09.914Z"}
info: Connected to the database. {"timestamp":"2022-07-06T07:46:13.361Z"}
info: Server started at http://localhost:3001/api/v1/ {"timestamp":"2022-07-06T07:46:54.238Z"}
info: Connected to the database. {"timestamp":"2022-07-06T07:46:57.335Z"}
info: Server started at http://localhost:3001/api/v1/ {"timestamp":"2022-07-06T07:47:32.336Z"}
info: Connected to the database. {"timestamp":"2022-07-06T07:47:35.899Z"}
info: Server started at http://localhost:3001/api/v1/ {"timestamp":"2022-07-06T07:48:45.796Z"}
info: Connected to the database. {"timestamp":"2022-07-06T07:48:49.249Z"}
info: Server started at http://localhost:3001/api/v1/ {"timestamp":"2022-07-06T07:49:45.205Z"}
info: Connected to the database. {"timestamp":"2022-07-06T07:49:48.709Z"}
info: Server started at http://localhost:3001/api/v1/ {"timestamp":"2022-07-06T07:50:46.068Z"}
info: Connected to the database. {"timestamp":"2022-07-06T07:50:49.537Z"}
info: Server started at http://localhost:3001/api/v1/ {"timestamp":"2022-07-06T07:52:03.335Z"}
info: Connected to the database. {"timestamp":"2022-07-06T07:52:06.746Z"}
info: Server started at http://localhost:3001/api/v1/ {"timestamp":"2022-07-06T07:57:11.814Z"}
info: Connected to the database. {"timestamp":"2022-07-06T07:57:15.373Z"}
error: 
      status - 400
      message - Authorization token is required 
      url - /api/v1/cart 
      method - GET 
      IP - ::1
     {"timestamp":"2022-07-06T07:58:02.466Z"}
info: Server started at http://localhost:3001/api/v1/ {"timestamp":"2022-07-06T08:04:54.665Z"}
info: Connected to the database. {"timestamp":"2022-07-06T08:04:58.119Z"}
info: Server started at http://localhost:3001/api/v1/ {"timestamp":"2022-07-06T08:09:47.529Z"}
info: Connected to the database. {"timestamp":"2022-07-06T08:09:51.083Z"}
info: Server started at http://localhost:3001/api/v1/ {"timestamp":"2022-07-06T08:10:26.872Z"}
info: Connected to the database. {"timestamp":"2022-07-06T08:10:30.000Z"}
info: Server started at http://localhost:3001/api/v1/ {"timestamp":"2022-07-06T08:16:11.018Z"}
info: Connected to the database. {"timestamp":"2022-07-06T08:16:14.471Z"}
info: Server started at http://localhost:3001/api/v1/ {"timestamp":"2022-07-06T08:19:58.749Z"}
info: Connected to the database. {"timestamp":"2022-07-06T08:20:02.615Z"}
info: Server started at http://localhost:3001/api/v1/ {"timestamp":"2022-07-06T08:21:34.487Z"}
info: Connected to the database. {"timestamp":"2022-07-06T08:21:37.947Z"}
info: Server started at http://localhost:3001/api/v1/ {"timestamp":"2022-07-06T08:31:32.660Z"}
info: Connected to the database. {"timestamp":"2022-07-06T08:31:36.067Z"}
info: Server started at http://localhost:3001/api/v1/ {"timestamp":"2022-07-06T08:34:44.975Z"}
info: Connected to the database. {"timestamp":"2022-07-06T08:34:48.576Z"}
info: Server started at http://localhost:3001/api/v1/ {"timestamp":"2022-07-06T08:36:18.162Z"}
info: Connected to the database. {"timestamp":"2022-07-06T08:36:21.761Z"}
info: Server started at http://localhost:3001/api/v1/ {"timestamp":"2022-07-06T08:38:05.663Z"}
info: Connected to the database. {"timestamp":"2022-07-06T08:38:09.076Z"}
info: Server started at http://localhost:3001/api/v1/ {"timestamp":"2022-07-06T08:39:55.075Z"}
info: Connected to the database. {"timestamp":"2022-07-06T08:39:58.336Z"}
info: Server started at http://localhost:3001/api/v1/ {"timestamp":"2022-07-06T08:50:21.459Z"}
info: Connected to the database. {"timestamp":"2022-07-06T08:50:24.746Z"}
info: Server started at http://localhost:3001/api/v1/ {"timestamp":"2022-07-06T09:02:32.332Z"}
info: Connected to the database. {"timestamp":"2022-07-06T09:02:35.651Z"}
info: Server started at http://localhost:3001/api/v1/ {"timestamp":"2022-07-06T09:08:04.361Z"}
info: Connected to the database. {"timestamp":"2022-07-06T09:08:07.620Z"}
info: Server started at http://localhost:3001/api/v1/ {"timestamp":"2022-07-06T16:27:56.760Z"}
info: Connected to the database. {"timestamp":"2022-07-06T16:28:02.675Z"}
info: Server started at http://localhost:3001/api/v1/ {"timestamp":"2022-07-06T16:30:15.366Z"}
info: Connected to the database. {"timestamp":"2022-07-06T16:30:23.578Z"}
info: Server started at http://localhost:3001/api/v1/ {"timestamp":"2022-07-06T16:31:56.708Z"}
info: Connected to the database. {"timestamp":"2022-07-06T16:32:02.290Z"}
info: Server started at http://localhost:3001/api/v1/ {"timestamp":"2022-07-06T16:36:45.918Z"}
info: Connected to the database. {"timestamp":"2022-07-06T16:36:54.944Z"}
info: Server started at http://localhost:3001/api/v1/ {"timestamp":"2022-07-06T16:39:21.305Z"}
info: Connected to the database. {"timestamp":"2022-07-06T16:39:32.746Z"}
info: Server started at http://localhost:3001/api/v1/ {"timestamp":"2022-07-06T16:40:14.982Z"}
info: Connected to the database. {"timestamp":"2022-07-06T16:40:24.255Z"}
info: Server started at http://localhost:3001/api/v1/ {"timestamp":"2022-07-06T16:41:05.175Z"}
info: Connected to the database. {"timestamp":"2022-07-06T16:41:12.960Z"}
info: Server started at http://localhost:3001/api/v1/ {"timestamp":"2022-07-06T16:42:01.286Z"}
info: Connected to the database. {"timestamp":"2022-07-06T16:42:07.341Z"}
info: Server started at http://localhost:3001/api/v1/ {"timestamp":"2022-07-06T16:43:29.322Z"}
info: Connected to the database. {"timestamp":"2022-07-06T16:43:36.147Z"}
info: Server started at http://localhost:3001/api/v1/ {"timestamp":"2022-07-06T16:44:15.769Z"}
info: Connected to the database. {"timestamp":"2022-07-06T16:44:21.208Z"}
info: Server started at http://localhost:3001/api/v1/ {"timestamp":"2022-07-06T16:47:17.902Z"}
info: Connected to the database. {"timestamp":"2022-07-06T16:47:30.335Z"}
info: Server started at http://localhost:3001/api/v1/ {"timestamp":"2022-07-06T16:48:45.889Z"}
info: Connected to the database. {"timestamp":"2022-07-06T16:48:59.434Z"}
info: Server started at http://localhost:3001/api/v1/ {"timestamp":"2022-07-06T16:50:10.839Z"}
info: Connected to the database. {"timestamp":"2022-07-06T16:50:21.757Z"}
info: Server started at http://localhost:3001/api/v1/ {"timestamp":"2022-07-06T16:51:13.967Z"}
info: Connected to the database. {"timestamp":"2022-07-06T16:51:21.845Z"}
error: 
    status - 500 
    message - SyntaxError: Unexpected number in JSON at position 8
    at JSON.parse (<anonymous>)
    at parse (C:\Users\91809\Desktop\bookstore\node_modules\body-parser\lib\types\json.js:89:19)
    at C:\Users\91809\Desktop\bookstore\node_modules\body-parser\lib\read.js:128:18
    at AsyncResource.runInAsyncScope (node:async_hooks:202:9)
    at invokeCallback (C:\Users\91809\Desktop\bookstore\node_modules\raw-body\index.js:231:16)
    at done (C:\Users\91809\Desktop\bookstore\node_modules\raw-body\index.js:220:7)
    at IncomingMessage.onEnd (C:\Users\91809\Desktop\bookstore\node_modules\raw-body\index.js:280:7)
    at IncomingMessage.emit (node:events:527:28)
    at IncomingMessage.emit (node:domain:475:12)
    at endReadableNT (node:internal/streams/readable:1344:12)
    at processTicksAndRejections (node:internal/process/task_queues:82:21) 
    url - /api/v1/cart/update/6214803b05253301a4fda584 
    method - POST 
    IP - ::1
   {"timestamp":"2022-07-06T16:54:35.453Z"}
info: Server started at http://localhost:3001/api/v1/ {"timestamp":"2022-07-06T17:03:48.999Z"}
info: Server started at http://localhost:3001/api/v1/ {"timestamp":"2022-07-06T17:04:12.525Z"}
info: Connected to the database. {"timestamp":"2022-07-06T17:04:19.385Z"}
info: Server started at http://localhost:3001/api/v1/ {"timestamp":"2022-07-06T17:09:54.062Z"}
info: Connected to the database. {"timestamp":"2022-07-06T17:09:59.356Z"}
info: Server started at http://localhost:3001/api/v1/ {"timestamp":"2022-07-06T17:11:02.537Z"}
info: Connected to the database. {"timestamp":"2022-07-06T17:11:11.136Z"}
info: Server started at http://localhost:3001/api/v1/ {"timestamp":"2022-07-06T17:12:00.530Z"}
info: Connected to the database. {"timestamp":"2022-07-06T17:12:07.046Z"}
info: Server started at http://localhost:3001/api/v1/ {"timestamp":"2022-07-06T17:12:54.042Z"}
info: Connected to the database. {"timestamp":"2022-07-06T17:13:13.703Z"}
info: Server started at http://localhost:3001/api/v1/ {"timestamp":"2022-07-06T17:15:27.511Z"}
info: Connected to the database. {"timestamp":"2022-07-06T17:15:44.643Z"}
info: Server started at http://localhost:3001/api/v1/ {"timestamp":"2022-07-06T17:16:15.253Z"}
info: Server started at http://localhost:3001/api/v1/ {"timestamp":"2022-07-06T17:16:39.979Z"}
info: Connected to the database. {"timestamp":"2022-07-06T17:16:51.611Z"}
info: Server started at http://localhost:3001/api/v1/ {"timestamp":"2022-07-06T17:17:51.412Z"}
info: Connected to the database. {"timestamp":"2022-07-06T17:17:57.759Z"}
info: Server started at http://localhost:3001/api/v1/ {"timestamp":"2022-07-06T17:18:41.412Z"}
info: Connected to the database. {"timestamp":"2022-07-06T17:18:46.811Z"}
info: Server started at http://localhost:3001/api/v1/ {"timestamp":"2022-07-06T17:24:01.782Z"}
info: Connected to the database. {"timestamp":"2022-07-06T17:24:18.588Z"}
info: Server started at http://localhost:3001/api/v1/ {"timestamp":"2022-07-06T17:25:41.166Z"}
info: Connected to the database. {"timestamp":"2022-07-06T17:25:47.161Z"}
info: Server started at http://localhost:3001/api/v1/ {"timestamp":"2022-07-06T17:26:42.301Z"}
info: Connected to the database. {"timestamp":"2022-07-06T17:26:47.167Z"}
info: Server started at http://localhost:3001/api/v1/ {"timestamp":"2022-07-06T17:31:02.367Z"}
info: Connected to the database. {"timestamp":"2022-07-06T17:31:08.649Z"}
info: Server started at http://localhost:3001/api/v1/ {"timestamp":"2022-07-06T17:32:35.778Z"}
info: Connected to the database. {"timestamp":"2022-07-06T17:32:44.544Z"}
info: Server started at http://localhost:3001/api/v1/ {"timestamp":"2022-07-06T17:33:21.566Z"}
info: Connected to the database. {"timestamp":"2022-07-06T17:33:26.118Z"}
info: Server started at http://localhost:3001/api/v1/ {"timestamp":"2022-07-06T17:34:47.793Z"}
info: Connected to the database. {"timestamp":"2022-07-06T17:35:00.939Z"}
info: Server started at http://localhost:3001/api/v1/ {"timestamp":"2022-07-06T17:37:09.235Z"}
info: Connected to the database. {"timestamp":"2022-07-06T17:37:18.258Z"}
info: Server started at http://localhost:3001/api/v1/ {"timestamp":"2022-07-06T17:37:39.281Z"}
info: Connected to the database. {"timestamp":"2022-07-06T17:37:47.134Z"}
info: Server started at http://localhost:3001/api/v1/ {"timestamp":"2022-07-06T17:38:30.850Z"}
info: Connected to the database. {"timestamp":"2022-07-06T17:38:38.782Z"}
info: Server started at http://localhost:3001/api/v1/ {"timestamp":"2022-07-06T17:39:18.098Z"}
info: Connected to the database. {"timestamp":"2022-07-06T17:39:32.297Z"}
info: Server started at http://localhost:3001/api/v1/ {"timestamp":"2022-07-06T17:40:25.182Z"}
info: Connected to the database. {"timestamp":"2022-07-06T17:40:44.796Z"}
info: Server started at http://localhost:3001/api/v1/ {"timestamp":"2022-07-06T17:48:12.995Z"}
info: Connected to the database. {"timestamp":"2022-07-06T17:48:18.734Z"}
info: Server started at http://localhost:3001/api/v1/ {"timestamp":"2022-07-06T17:50:07.568Z"}
info: Connected to the database. {"timestamp":"2022-07-06T17:50:13.831Z"}
info: Server started at http://localhost:3001/api/v1/ {"timestamp":"2022-07-06T17:51:41.550Z"}
info: Connected to the database. {"timestamp":"2022-07-06T17:51:47.423Z"}
info: Server started at http://localhost:3001/api/v1/ {"timestamp":"2022-07-06T17:57:26.970Z"}
info: Connected to the database. {"timestamp":"2022-07-06T17:57:32.412Z"}
info: Server started at http://localhost:3001/api/v1/ {"timestamp":"2022-07-06T17:58:28.988Z"}
info: Connected to the database. {"timestamp":"2022-07-06T17:58:36.173Z"}
info: Server started at http://localhost:3001/api/v1/ {"timestamp":"2022-07-06T18:11:29.134Z"}
info: Connected to the database. {"timestamp":"2022-07-06T18:11:36.132Z"}
info: Server started at http://localhost:3001/api/v1/ {"timestamp":"2022-07-06T18:12:36.638Z"}
info: Connected to the database. {"timestamp":"2022-07-06T18:12:46.121Z"}
info: Server started at http://localhost:3001/api/v1/ {"timestamp":"2022-07-06T18:14:59.137Z"}
info: Connected to the database. {"timestamp":"2022-07-06T18:15:11.383Z"}
info: Server started at http://localhost:3001/api/v1/ {"timestamp":"2022-07-06T18:16:20.023Z"}
info: Connected to the database. {"timestamp":"2022-07-06T18:16:29.455Z"}
info: Server started at http://localhost:3001/api/v1/ {"timestamp":"2022-07-06T18:17:17.393Z"}
info: Connected to the database. {"timestamp":"2022-07-06T18:17:28.538Z"}
