info: Server started at http://localhost:3000/api/v1/ {"timestamp":"2022-07-04T09:57:45.595Z"}
info: Connected to the database. {"timestamp":"2022-07-04T09:57:49.782Z"}
info: Server started at http://localhost:3000/api/v1/ {"timestamp":"2022-07-04T09:58:44.412Z"}
info: Connected to the database. {"timestamp":"2022-07-04T09:58:47.638Z"}
info: Server started at http://localhost:3000/api/v1/ {"timestamp":"2022-07-04T10:53:44.903Z"}
error: Could not connect to the database. connect ECONNREFUSED ::1:27017 {"reason":{"commonWireVersion":null,"compatibilityError":null,"compatible":true,"heartbeatFrequencyMS":10000,"localThresholdMS":15,"logicalSessionTimeoutMinutes":null,"maxElectionId":null,"maxSetVersion":null,"servers":{},"setName":null,"stale":false,"type":"Single"},"stack":"MongooseServerSelectionError: connect ECONNREFUSED ::1:27017\n    at NativeConnection.Connection.openUri (C:\\Users\\91809\\Desktop\\bookstore\\node_modules\\mongoose\\lib\\connection.js:847:32)\n    at C:\\Users\\91809\\Desktop\\bookstore\\node_modules\\mongoose\\lib\\index.js:351:10\n    at C:\\Users\\91809\\Desktop\\bookstore\\node_modules\\mongoose\\lib\\helpers\\promiseOrCallback.js:32:5\n    at new Promise (<anonymous>)\n    at promiseOrCallback (C:\\Users\\91809\\Desktop\\bookstore\\node_modules\\mongoose\\lib\\helpers\\promiseOrCallback.js:31:10)\n    at Mongoose._promiseOrCallback (C:\\Users\\91809\\Desktop\\bookstore\\node_modules\\mongoose\\lib\\index.js:1149:10)\n    at Mongoose.connect (C:\\Users\\91809\\Desktop\\bookstore\\node_modules\\mongoose\\lib\\index.js:350:20)\n    at _callee$ (C:\\Users\\91809\\Desktop\\bookstore\\src\\config\\/database.js:12:20)\n    at tryCatch (C:\\Users\\91809\\Desktop\\bookstore\\node_modules\\@babel\\runtime\\helpers\\regeneratorRuntime.js:86:17)\n    at Generator._invoke (C:\\Users\\91809\\Desktop\\bookstore\\node_modules\\@babel\\runtime\\helpers\\regeneratorRuntime.js:66:24)\n    at Generator.next (C:\\Users\\91809\\Desktop\\bookstore\\node_modules\\@babel\\runtime\\helpers\\regeneratorRuntime.js:117:21)\n    at asyncGeneratorStep (C:\\Users\\91809\\Desktop\\bookstore\\node_modules\\@babel\\runtime\\helpers\\asyncToGenerator.js:3:24)\n    at _next (C:\\Users\\91809\\Desktop\\bookstore\\node_modules\\@babel\\runtime\\helpers\\asyncToGenerator.js:25:9)\n    at C:\\Users\\91809\\Desktop\\bookstore\\node_modules\\@babel\\runtime\\helpers\\asyncToGenerator.js:32:7\n    at new Promise (<anonymous>)\n    at C:\\Users\\91809\\Desktop\\bookstore\\node_modules\\@babel\\runtime\\helpers\\asyncToGenerator.js:21:12","timestamp":"2022-07-04T10:54:14.949Z"}
info: Server started at http://localhost:3000/api/v1/ {"timestamp":"2022-07-04T11:05:53.155Z"}
error: Could not connect to the database. connect ECONNREFUSED ::1:27017 {"reason":{"commonWireVersion":null,"compatibilityError":null,"compatible":true,"heartbeatFrequencyMS":10000,"localThresholdMS":15,"logicalSessionTimeoutMinutes":null,"maxElectionId":null,"maxSetVersion":null,"servers":{},"setName":null,"stale":false,"type":"Single"},"stack":"MongooseServerSelectionError: connect ECONNREFUSED ::1:27017\n    at NativeConnection.Connection.openUri (C:\\Users\\91809\\Desktop\\bookstore\\node_modules\\mongoose\\lib\\connection.js:847:32)\n    at C:\\Users\\91809\\Desktop\\bookstore\\node_modules\\mongoose\\lib\\index.js:351:10\n    at C:\\Users\\91809\\Desktop\\bookstore\\node_modules\\mongoose\\lib\\helpers\\promiseOrCallback.js:32:5\n    at new Promise (<anonymous>)\n    at promiseOrCallback (C:\\Users\\91809\\Desktop\\bookstore\\node_modules\\mongoose\\lib\\helpers\\promiseOrCallback.js:31:10)\n    at Mongoose._promiseOrCallback (C:\\Users\\91809\\Desktop\\bookstore\\node_modules\\mongoose\\lib\\index.js:1149:10)\n    at Mongoose.connect (C:\\Users\\91809\\Desktop\\bookstore\\node_modules\\mongoose\\lib\\index.js:350:20)\n    at _callee$ (C:\\Users\\91809\\Desktop\\bookstore\\src\\config\\/database.js:12:20)\n    at tryCatch (C:\\Users\\91809\\Desktop\\bookstore\\node_modules\\@babel\\runtime\\helpers\\regeneratorRuntime.js:86:17)\n    at Generator._invoke (C:\\Users\\91809\\Desktop\\bookstore\\node_modules\\@babel\\runtime\\helpers\\regeneratorRuntime.js:66:24)\n    at Generator.next (C:\\Users\\91809\\Desktop\\bookstore\\node_modules\\@babel\\runtime\\helpers\\regeneratorRuntime.js:117:21)\n    at asyncGeneratorStep (C:\\Users\\91809\\Desktop\\bookstore\\node_modules\\@babel\\runtime\\helpers\\asyncToGenerator.js:3:24)\n    at _next (C:\\Users\\91809\\Desktop\\bookstore\\node_modules\\@babel\\runtime\\helpers\\asyncToGenerator.js:25:9)\n    at C:\\Users\\91809\\Desktop\\bookstore\\node_modules\\@babel\\runtime\\helpers\\asyncToGenerator.js:32:7\n    at new Promise (<anonymous>)\n    at C:\\Users\\91809\\Desktop\\bookstore\\node_modules\\@babel\\runtime\\helpers\\asyncToGenerator.js:21:12","timestamp":"2022-07-04T11:06:23.116Z"}
info: Server started at http://localhost:3000/api/v1/ {"timestamp":"2022-07-04T11:14:08.537Z"}
error: Could not connect to the database. connect ECONNREFUSED ::1:27017 {"reason":{"commonWireVersion":null,"compatibilityError":null,"compatible":true,"heartbeatFrequencyMS":10000,"localThresholdMS":15,"logicalSessionTimeoutMinutes":null,"maxElectionId":null,"maxSetVersion":null,"servers":{},"setName":null,"stale":false,"type":"Single"},"stack":"MongooseServerSelectionError: connect ECONNREFUSED ::1:27017\n    at NativeConnection.Connection.openUri (C:\\Users\\91809\\Desktop\\bookstore\\node_modules\\mongoose\\lib\\connection.js:847:32)\n    at C:\\Users\\91809\\Desktop\\bookstore\\node_modules\\mongoose\\lib\\index.js:351:10\n    at C:\\Users\\91809\\Desktop\\bookstore\\node_modules\\mongoose\\lib\\helpers\\promiseOrCallback.js:32:5\n    at new Promise (<anonymous>)\n    at promiseOrCallback (C:\\Users\\91809\\Desktop\\bookstore\\node_modules\\mongoose\\lib\\helpers\\promiseOrCallback.js:31:10)\n    at Mongoose._promiseOrCallback (C:\\Users\\91809\\Desktop\\bookstore\\node_modules\\mongoose\\lib\\index.js:1149:10)\n    at Mongoose.connect (C:\\Users\\91809\\Desktop\\bookstore\\node_modules\\mongoose\\lib\\index.js:350:20)\n    at _callee$ (C:\\Users\\91809\\Desktop\\bookstore\\src\\config\\/database.js:12:20)\n    at tryCatch (C:\\Users\\91809\\Desktop\\bookstore\\node_modules\\@babel\\runtime\\helpers\\regeneratorRuntime.js:86:17)\n    at Generator._invoke (C:\\Users\\91809\\Desktop\\bookstore\\node_modules\\@babel\\runtime\\helpers\\regeneratorRuntime.js:66:24)\n    at Generator.next (C:\\Users\\91809\\Desktop\\bookstore\\node_modules\\@babel\\runtime\\helpers\\regeneratorRuntime.js:117:21)\n    at asyncGeneratorStep (C:\\Users\\91809\\Desktop\\bookstore\\node_modules\\@babel\\runtime\\helpers\\asyncToGenerator.js:3:24)\n    at _next (C:\\Users\\91809\\Desktop\\bookstore\\node_modules\\@babel\\runtime\\helpers\\asyncToGenerator.js:25:9)\n    at C:\\Users\\91809\\Desktop\\bookstore\\node_modules\\@babel\\runtime\\helpers\\asyncToGenerator.js:32:7\n    at new Promise (<anonymous>)\n    at C:\\Users\\91809\\Desktop\\bookstore\\node_modules\\@babel\\runtime\\helpers\\asyncToGenerator.js:21:12","timestamp":"2022-07-04T11:14:38.538Z"}
info: Server started at http://localhost:3000/api/v1/ {"timestamp":"2022-07-04T11:17:20.476Z"}
info: Connected to the database. {"timestamp":"2022-07-04T11:17:24.444Z"}
info: Server started at http://localhost:3001/api/v1/ {"timestamp":"2022-07-04T14:26:37.680Z"}
info: Connected to the database. {"timestamp":"2022-07-04T14:26:41.804Z"}
info: Server started at http://localhost:3001/api/v1/ {"timestamp":"2022-07-04T14:30:07.164Z"}
info: Connected to the database. {"timestamp":"2022-07-04T14:30:10.502Z"}
info: Server started at http://localhost:3001/api/v1/ {"timestamp":"2022-07-04T14:32:15.764Z"}
info: Connected to the database. {"timestamp":"2022-07-04T14:32:19.129Z"}
error: 
    status - 500 
    message - ValidationError: "firstName" is required 
    url - /api/v1/users/newuser 
    method - POST 
    IP - ::1
   {"timestamp":"2022-07-04T14:32:45.000Z"}
error: 
    status - 500 
    message - ValidationError: "cofirmPassword" is required 
    url - /api/v1/users/newuser 
    method - POST 
    IP - ::1
   {"timestamp":"2022-07-04T14:35:40.034Z"}
info: Server started at http://localhost:3001/api/v1/ {"timestamp":"2022-07-04T14:36:40.982Z"}
info: Connected to the database. {"timestamp":"2022-07-04T14:36:44.422Z"}
info: Server started at http://localhost:3001/api/v1/ {"timestamp":"2022-07-04T15:15:44.604Z"}
info: Connected to the database. {"timestamp":"2022-07-04T15:15:48.248Z"}
info: Server started at http://localhost:3001/api/v1/ {"timestamp":"2022-07-04T15:17:14.214Z"}
info: Connected to the database. {"timestamp":"2022-07-04T15:17:17.949Z"}
info: Server started at http://localhost:3001/api/v1/ {"timestamp":"2022-07-04T15:22:11.249Z"}
info: Connected to the database. {"timestamp":"2022-07-04T15:22:14.601Z"}
info: Server started at http://localhost:3001/api/v1/ {"timestamp":"2022-07-04T15:22:46.659Z"}
info: Connected to the database. {"timestamp":"2022-07-04T15:22:50.027Z"}
info: Server started at http://localhost:3001/api/v1/ {"timestamp":"2022-07-04T15:37:06.696Z"}
info: Connected to the database. {"timestamp":"2022-07-04T15:37:11.520Z"}
info: Server started at http://localhost:3001/api/v1/ {"timestamp":"2022-07-04T15:37:29.742Z"}
info: Connected to the database. {"timestamp":"2022-07-04T15:37:32.930Z"}
info: Server started at http://localhost:3001/api/v1/ {"timestamp":"2022-07-04T15:37:52.604Z"}
info: Connected to the database. {"timestamp":"2022-07-04T15:37:55.904Z"}
info: Server started at http://localhost:3001/api/v1/ {"timestamp":"2022-07-04T15:41:03.124Z"}
info: Connected to the database. {"timestamp":"2022-07-04T15:41:06.427Z"}
info: Server started at http://localhost:3001/api/v1/ {"timestamp":"2022-07-04T15:41:41.731Z"}
info: Connected to the database. {"timestamp":"2022-07-04T15:41:45.139Z"}
info: Server started at http://localhost:3001/api/v1/ {"timestamp":"2022-07-04T16:46:56.138Z"}
info: Connected to the database. {"timestamp":"2022-07-04T16:46:59.018Z"}
info: Server started at http://localhost:3001/api/v1/ {"timestamp":"2022-07-04T16:48:02.893Z"}
info: Connected to the database. {"timestamp":"2022-07-04T16:48:05.809Z"}
info: Server started at http://localhost:3001/api/v1/ {"timestamp":"2022-07-04T16:49:47.391Z"}
info: Connected to the database. {"timestamp":"2022-07-04T16:49:50.341Z"}
info: Server started at http://localhost:3001/api/v1/ {"timestamp":"2022-07-04T16:50:19.539Z"}
info: Connected to the database. {"timestamp":"2022-07-04T16:50:22.451Z"}
info: Server started at http://localhost:3001/api/v1/ {"timestamp":"2022-07-04T16:50:59.059Z"}
info: Connected to the database. {"timestamp":"2022-07-04T16:51:01.752Z"}
info: Server started at http://localhost:3001/api/v1/ {"timestamp":"2022-07-04T16:52:18.552Z"}
info: Connected to the database. {"timestamp":"2022-07-04T16:52:21.196Z"}
info: Server started at http://localhost:3001/api/v1/ {"timestamp":"2022-07-04T16:53:10.444Z"}
info: Connected to the database. {"timestamp":"2022-07-04T16:53:13.037Z"}
info: Server started at http://localhost:3001/api/v1/ {"timestamp":"2022-07-04T16:53:57.846Z"}
info: Connected to the database. {"timestamp":"2022-07-04T16:54:00.572Z"}
info: Server started at http://localhost:3001/api/v1/ {"timestamp":"2022-07-04T16:54:58.356Z"}
info: Server started at http://localhost:3001/api/v1/ {"timestamp":"2022-07-04T16:55:35.940Z"}
info: Server started at http://localhost:3001/api/v1/ {"timestamp":"2022-07-04T16:55:52.338Z"}
info: Connected to the database. {"timestamp":"2022-07-04T16:55:54.866Z"}
info: Server started at http://localhost:3001/api/v1/ {"timestamp":"2022-07-04T16:57:28.820Z"}
info: Connected to the database. {"timestamp":"2022-07-04T16:57:31.484Z"}
info: Server started at http://localhost:3001/api/v1/ {"timestamp":"2022-07-04T16:58:13.643Z"}
info: Connected to the database. {"timestamp":"2022-07-04T16:58:16.332Z"}
info: Server started at http://localhost:3001/api/v1/ {"timestamp":"2022-07-04T16:58:48.849Z"}
info: Connected to the database. {"timestamp":"2022-07-04T16:58:51.454Z"}
info: Server started at http://localhost:3001/api/v1/ {"timestamp":"2022-07-04T17:06:18.419Z"}
info: Connected to the database. {"timestamp":"2022-07-04T17:06:21.077Z"}
info: Server started at http://localhost:3001/api/v1/ {"timestamp":"2022-07-04T17:06:48.225Z"}
info: Connected to the database. {"timestamp":"2022-07-04T17:06:50.922Z"}
info: Server started at http://localhost:3001/api/v1/ {"timestamp":"2022-07-04T17:07:21.228Z"}
info: Connected to the database. {"timestamp":"2022-07-04T17:07:23.949Z"}
info: Server started at http://localhost:3001/api/v1/ {"timestamp":"2022-07-04T17:08:17.429Z"}
info: Connected to the database. {"timestamp":"2022-07-04T17:08:20.059Z"}
info: Server started at http://localhost:3001/api/v1/ {"timestamp":"2022-07-04T17:08:47.875Z"}
info: Connected to the database. {"timestamp":"2022-07-04T17:08:50.442Z"}
info: Connected to the database. {"timestamp":"2022-07-04T17:10:16.038Z"}
info: Server started at http://localhost:3001/api/v1/ {"timestamp":"2022-07-04T17:11:35.546Z"}
info: Connected to the database. {"timestamp":"2022-07-04T17:11:38.219Z"}
info: Server started at http://localhost:3001/api/v1/ {"timestamp":"2022-07-04T17:13:58.975Z"}
info: Connected to the database. {"timestamp":"2022-07-04T17:14:01.635Z"}
info: Server started at http://localhost:3001/api/v1/ {"timestamp":"2022-07-04T17:18:58.764Z"}
info: Connected to the database. {"timestamp":"2022-07-04T17:19:01.531Z"}
