info: ::1 - - [04/Jul/2022:14:27:46 +0000] "POST /api/v1/users/newuser HTTP/1.1" 404 47 "-" "PostmanRuntime/7.29.0"

info: ::1 - - [04/Jul/2022:14:30:50 +0000] "GET /api/v1/ HTTP/1.1" 200 9 "-" "PostmanRuntime/7.29.0"

info: ::1 - - [04/Jul/2022:14:32:32 +0000] "GET /api/v1/users/newuser HTTP/1.1" 404 47 "-" "PostmanRuntime/7.29.0"

info: ::1 - - [04/Jul/2022:14:32:45 +0000] "POST /api/v1/users/newuser HTTP/1.1" 500 60 "-" "PostmanRuntime/7.29.0"

info: ::1 - - [04/Jul/2022:14:35:40 +0000] "POST /api/v1/users/newuser HTTP/1.1" 500 65 "-" "PostmanRuntime/7.29.0"

info: ::1 - - [04/Jul/2022:14:36:58 +0000] "POST /api/v1/users/newuser HTTP/1.1" 201 307 "-" "PostmanRuntime/7.29.0"

info: ::1 - - [04/Jul/2022:15:16:26 +0000] "POST /api/v1/users/login HTTP/1.1" 404 47 "-" "PostmanRuntime/7.29.0"

info: ::1 - - [04/Jul/2022:15:17:31 +0000] "POST /api/v1/users/login HTTP/1.1" 200 118 "-" "PostmanRuntime/7.29.0"

info: ::1 - - [04/Jul/2022:17:03:53 +0000] "GET /api/v1/books/getAll HTTP/1.1" 404 47 "-" "PostmanRuntime/7.29.0"

info: ::1 - - [04/Jul/2022:17:09:02 +0000] "GET /api/v1/books/getAll HTTP/1.1" 404 47 "-" "PostmanRuntime/7.29.0"

info: ::1 - - [04/Jul/2022:17:09:11 +0000] "GET /api/v1/books/getAll HTTP/1.1" 404 47 "-" "PostmanRuntime/7.29.0"

error: uncaughtException: bookRoute is not defined
ReferenceError: bookRoute is not defined
    at routes (C:\Users\91809\Desktop\bookstore\src\routes\/index.js:15:24)
    at Object.<anonymous> (C:\Users\91809\Desktop\bookstore\src\/index.js:32:32)
    at Module._compile (node:internal/modules/cjs/loader:1105:14)
    at Module._compile (C:\Users\91809\Desktop\bookstore\node_modules\pirates\lib\index.js:136:24)
    at Module._extensions..js (node:internal/modules/cjs/loader:1159:10)
    at Object.newLoader [as .js] (C:\Users\91809\Desktop\bookstore\node_modules\pirates\lib\index.js:141:7)
    at Module.load (node:internal/modules/cjs/loader:981:32)
    at Function.Module._load (node:internal/modules/cjs/loader:827:12)
    at Function.executeUserEntryPoint [as runMain] (node:internal/modules/run_main:77:12)
    at Object.<anonymous> (C:\Users\91809\Desktop\bookstore\node_modules\@babel\node\lib\_babel-node.js:176:21)
    at Module._compile (node:internal/modules/cjs/loader:1105:14)
    at Object.Module._extensions..js (node:internal/modules/cjs/loader:1159:10)
    at Module.load (node:internal/modules/cjs/loader:981:32)
    at Function.Module._load (node:internal/modules/cjs/loader:827:12)
    at Function.executeUserEntryPoint [as runMain] (node:internal/modules/run_main:77:12)
    at node:internal/main/run_main_module:17:47 {"date":"Mon Jul 04 2022 22:40:13 GMT+0530 (India Standard Time)","error":{},"exception":true,"os":{"loadavg":[0,0,0],"uptime":35043},"process":{"argv":["node","C:\\Users\\91809\\Desktop\\bookstore\\src\\index.js"],"cwd":"C:\\Users\\91809\\Desktop\\bookstore","execPath":"C:\\Program Files\\nodejs\\node.exe","gid":null,"memoryUsage":{"arrayBuffers":18860387,"external":20311545,"heapTotal":78974976,"heapUsed":51579104,"rss":112189440},"pid":5984,"uid":null,"version":"v18.2.0"},"stack":"ReferenceError: bookRoute is not defined\n    at routes (C:\\Users\\91809\\Desktop\\bookstore\\src\\routes\\/index.js:15:24)\n    at Object.<anonymous> (C:\\Users\\91809\\Desktop\\bookstore\\src\\/index.js:32:32)\n    at Module._compile (node:internal/modules/cjs/loader:1105:14)\n    at Module._compile (C:\\Users\\91809\\Desktop\\bookstore\\node_modules\\pirates\\lib\\index.js:136:24)\n    at Module._extensions..js (node:internal/modules/cjs/loader:1159:10)\n    at Object.newLoader [as .js] (C:\\Users\\91809\\Desktop\\bookstore\\node_modules\\pirates\\lib\\index.js:141:7)\n    at Module.load (node:internal/modules/cjs/loader:981:32)\n    at Function.Module._load (node:internal/modules/cjs/loader:827:12)\n    at Function.executeUserEntryPoint [as runMain] (node:internal/modules/run_main:77:12)\n    at Object.<anonymous> (C:\\Users\\91809\\Desktop\\bookstore\\node_modules\\@babel\\node\\lib\\_babel-node.js:176:21)\n    at Module._compile (node:internal/modules/cjs/loader:1105:14)\n    at Object.Module._extensions..js (node:internal/modules/cjs/loader:1159:10)\n    at Module.load (node:internal/modules/cjs/loader:981:32)\n    at Function.Module._load (node:internal/modules/cjs/loader:827:12)\n    at Function.executeUserEntryPoint [as runMain] (node:internal/modules/run_main:77:12)\n    at node:internal/main/run_main_module:17:47","trace":[{"column":24,"file":"C:\\Users\\91809\\Desktop\\bookstore\\src\\routes\\/index.js","function":"routes","line":15,"method":null,"native":false},{"column":32,"file":"C:\\Users\\91809\\Desktop\\bookstore\\src\\/index.js","function":null,"line":32,"method":null,"native":false},{"column":14,"file":"node:internal/modules/cjs/loader","function":"Module._compile","line":1105,"method":"_compile","native":false},{"column":24,"file":"C:\\Users\\91809\\Desktop\\bookstore\\node_modules\\pirates\\lib\\index.js","function":"Module._compile","line":136,"method":"_compile","native":false},{"column":10,"file":"node:internal/modules/cjs/loader","function":"Module._extensions..js","line":1159,"method":".js","native":false},{"column":7,"file":"C:\\Users\\91809\\Desktop\\bookstore\\node_modules\\pirates\\lib\\index.js","function":"Object.newLoader [as .js]","line":141,"method":"js]","native":false},{"column":32,"file":"node:internal/modules/cjs/loader","function":"Module.load","line":981,"method":"load","native":false},{"column":12,"file":"node:internal/modules/cjs/loader","function":"Module._load","line":827,"method":"_load","native":false},{"column":12,"file":"node:internal/modules/run_main","function":"Function.executeUserEntryPoint [as runMain]","line":77,"method":"executeUserEntryPoint [as runMain]","native":false},{"column":21,"file":"C:\\Users\\91809\\Desktop\\bookstore\\node_modules\\@babel\\node\\lib\\_babel-node.js","function":null,"line":176,"method":null,"native":false},{"column":14,"file":"node:internal/modules/cjs/loader","function":"Module._compile","line":1105,"method":"_compile","native":false},{"column":10,"file":"node:internal/modules/cjs/loader","function":"Module._extensions..js","line":1159,"method":".js","native":false},{"column":32,"file":"node:internal/modules/cjs/loader","function":"Module.load","line":981,"method":"load","native":false},{"column":12,"file":"node:internal/modules/cjs/loader","function":"Module._load","line":827,"method":"_load","native":false},{"column":12,"file":"node:internal/modules/run_main","function":"Function.executeUserEntryPoint [as runMain]","line":77,"method":"executeUserEntryPoint [as runMain]","native":false},{"column":47,"file":"node:internal/main/run_main_module","function":null,"line":17,"method":null,"native":false}]}
info: ::1 - - [04/Jul/2022:17:11:54 +0000] "GET /api/v1/books/getAll HTTP/1.1" 404 47 "-" "PostmanRuntime/7.29.0"

info: ::1 - - [04/Jul/2022:17:19:06 +0000] "GET /api/v1/books/getAll HTTP/1.1" 200 8336 "-" "PostmanRuntime/7.29.0"

info: ::1 - - [05/Jul/2022:08:00:54 +0000] "GET /api/v1/books/getAll HTTP/1.1" 200 8336 "-" "PostmanRuntime/7.29.0"

info: ::1 - - [05/Jul/2022:08:03:21 +0000] "POST /api/v1/users/login HTTP/1.1" 200 118 "-" "PostmanRuntime/7.29.0"

info: ::1 - - [05/Jul/2022:08:19:38 +0000] "POST /api/v1/users/login HTTP/1.1" 200 210 "-" "PostmanRuntime/7.29.0"

info: ::1 - - [05/Jul/2022:08:26:38 +0000] "GET /api/v1/notes/getbyId/6214803b05253301a4fda584 HTTP/1.1" 404 47 "-" "PostmanRuntime/7.29.0"

info: ::1 - - [05/Jul/2022:08:27:14 +0000] "GET /api/v1/books/getbyId/6214803b05253301a4fda584 HTTP/1.1" 500 88 "-" "PostmanRuntime/7.29.0"

info: ::1 - - [05/Jul/2022:08:39:23 +0000] "GET /api/v1/books/getbyId/6214803b05253301a4fda584 HTTP/1.1" 500 88 "-" "PostmanRuntime/7.29.0"

info: ::1 - - [05/Jul/2022:08:39:39 +0000] "GET /api/v1/books/getbyId/6214803b05253301a4fda584 HTTP/1.1" 500 88 "-" "PostmanRuntime/7.29.0"

info: ::1 - - [05/Jul/2022:08:48:19 +0000] "GET /api/v1/books/getbyId/6214803b05253301a4fda584 HTTP/1.1" 500 88 "-" "PostmanRuntime/7.29.0"

info: ::1 - - [05/Jul/2022:08:48:44 +0000] "GET /api/v1/books/getbyId/6214803b05253301a4fda584 HTTP/1.1" 400 56 "-" "PostmanRuntime/7.29.0"

info: ::1 - - [05/Jul/2022:08:49:05 +0000] "GET /api/v1/books/getbyId/6214803b05253301a4fda584 HTTP/1.1" 500 88 "-" "PostmanRuntime/7.29.0"

info: ::1 - - [05/Jul/2022:08:50:39 +0000] "GET /api/v1/books/getbyId/6214803b05253301a4fda584 HTTP/1.1" 500 88 "-" "PostmanRuntime/7.29.0"

info: ::1 - - [05/Jul/2022:08:52:25 +0000] "GET /api/v1/books/getbyId/6214803b05253301a4fda584 HTTP/1.1" 500 54 "-" "PostmanRuntime/7.29.0"

info: ::1 - - [05/Jul/2022:08:53:33 +0000] "GET /api/v1/books/getbyId/6214803b05253301a4fda584 HTTP/1.1" 200 1283 "-" "PostmanRuntime/7.29.0"

info: ::1 - - [05/Jul/2022:08:56:34 +0000] "GET /api/v1/books/getbyId/6214803b05253301a4fda584 HTTP/1.1" 500 56 "-" "PostmanRuntime/7.29.0"

info: ::1 - - [05/Jul/2022:09:06:28 +0000] "GET /api/v1/books/getbyId/6214803b05253301a4fda584 HTTP/1.1" 500 56 "-" "PostmanRuntime/7.29.0"

info: ::1 - - [05/Jul/2022:09:07:43 +0000] "GET /api/v1/books/getbyId/6214803b05253301a4fda584 HTTP/1.1" 200 1283 "-" "PostmanRuntime/7.29.0"

info: ::1 - - [05/Jul/2022:09:21:25 +0000] "GET /api/v1/users/login HTTP/1.1" 404 47 "-" "PostmanRuntime/7.29.0"

info: ::1 - - [05/Jul/2022:09:21:33 +0000] "POST /api/v1/users/login HTTP/1.1" 500 52 "-" "PostmanRuntime/7.29.0"

info: ::1 - - [05/Jul/2022:09:22:08 +0000] "POST /api/v1/users/login HTTP/1.1" 500 52 "-" "PostmanRuntime/7.29.0"

info: ::1 - - [05/Jul/2022:09:24:10 +0000] "POST /api/v1/users/login HTTP/1.1" 500 52 "-" "PostmanRuntime/7.29.0"

info: ::1 - - [05/Jul/2022:09:25:23 +0000] "POST /api/v1/users/login HTTP/1.1" 500 52 "-" "PostmanRuntime/7.29.0"

info: ::1 - - [05/Jul/2022:09:27:40 +0000] "POST /api/v1/users/login HTTP/1.1" 500 52 "-" "PostmanRuntime/7.29.0"

info: ::1 - - [05/Jul/2022:09:30:27 +0000] "POST /api/v1/users/login HTTP/1.1" 200 274 "-" "PostmanRuntime/7.29.0"

info: ::1 - - [05/Jul/2022:15:25:52 +0000] "POST /api/v1/users/login HTTP/1.1" 200 274 "-" "PostmanRuntime/7.29.0"

info: ::1 - - [05/Jul/2022:15:26:12 +0000] "POST /api/v1/books/getbyId/6215178d05253301a4fda5c4 HTTP/1.1" 404 47 "-" "PostmanRuntime/7.29.0"

info: ::1 - - [05/Jul/2022:15:26:22 +0000] "GET /api/v1/books/getbyId/6215178d05253301a4fda5c4 HTTP/1.1" 200 335 "-" "PostmanRuntime/7.29.0"

info: ::1 - - [05/Jul/2022:15:49:31 +0000] "GET /api/v1/users/login HTTP/1.1" 404 47 "-" "PostmanRuntime/7.29.0"

info: ::1 - - [05/Jul/2022:15:49:37 +0000] "POST /api/v1/users/login HTTP/1.1" 500 52 "-" "PostmanRuntime/7.29.0"

error: uncaughtException: listen EADDRINUSE: address already in use :::3001
Error: listen EADDRINUSE: address already in use :::3001
    at Server.setupListenHandle [as _listen2] (node:net:1380:16)
    at listenInCluster (node:net:1428:12)
    at Server.listen (node:net:1516:7)
    at Function.listen (C:\Users\91809\Desktop\bookstore\node_modules\express\lib\application.js:635:24)
    at Object.<anonymous> (C:\Users\91809\Desktop\bookstore\src\/index.js:37:5)
    at Module._compile (node:internal/modules/cjs/loader:1105:14)
    at Module._compile (C:\Users\91809\Desktop\bookstore\node_modules\pirates\lib\index.js:136:24)
    at Module._extensions..js (node:internal/modules/cjs/loader:1159:10)
    at Object.newLoader [as .js] (C:\Users\91809\Desktop\bookstore\node_modules\pirates\lib\index.js:141:7)
    at Module.load (node:internal/modules/cjs/loader:981:32)
    at Function.Module._load (node:internal/modules/cjs/loader:827:12)
    at Function.executeUserEntryPoint [as runMain] (node:internal/modules/run_main:77:12)
    at Object.<anonymous> (C:\Users\91809\Desktop\bookstore\node_modules\@babel\node\lib\_babel-node.js:176:21)
    at Module._compile (node:internal/modules/cjs/loader:1105:14)
    at Object.Module._extensions..js (node:internal/modules/cjs/loader:1159:10)
    at Module.load (node:internal/modules/cjs/loader:981:32) {"date":"Tue Jul 05 2022 21:25:26 GMT+0530 (India Standard Time)","error":{"address":"::","code":"EADDRINUSE","errno":-4091,"port":3001,"syscall":"listen"},"exception":true,"os":{"loadavg":[0,0,0],"uptime":116956},"process":{"argv":["node","C:\\Users\\91809\\Desktop\\bookstore\\src\\index.js"],"cwd":"C:\\Users\\91809\\Desktop\\bookstore","execPath":"C:\\Program Files\\nodejs\\node.exe","gid":null,"memoryUsage":{"arrayBuffers":19021184,"external":20491762,"heapTotal":78974976,"heapUsed":53350944,"rss":112406528},"pid":9516,"uid":null,"version":"v18.2.0"},"stack":"Error: listen EADDRINUSE: address already in use :::3001\n    at Server.setupListenHandle [as _listen2] (node:net:1380:16)\n    at listenInCluster (node:net:1428:12)\n    at Server.listen (node:net:1516:7)\n    at Function.listen (C:\\Users\\91809\\Desktop\\bookstore\\node_modules\\express\\lib\\application.js:635:24)\n    at Object.<anonymous> (C:\\Users\\91809\\Desktop\\bookstore\\src\\/index.js:37:5)\n    at Module._compile (node:internal/modules/cjs/loader:1105:14)\n    at Module._compile (C:\\Users\\91809\\Desktop\\bookstore\\node_modules\\pirates\\lib\\index.js:136:24)\n    at Module._extensions..js (node:internal/modules/cjs/loader:1159:10)\n    at Object.newLoader [as .js] (C:\\Users\\91809\\Desktop\\bookstore\\node_modules\\pirates\\lib\\index.js:141:7)\n    at Module.load (node:internal/modules/cjs/loader:981:32)\n    at Function.Module._load (node:internal/modules/cjs/loader:827:12)\n    at Function.executeUserEntryPoint [as runMain] (node:internal/modules/run_main:77:12)\n    at Object.<anonymous> (C:\\Users\\91809\\Desktop\\bookstore\\node_modules\\@babel\\node\\lib\\_babel-node.js:176:21)\n    at Module._compile (node:internal/modules/cjs/loader:1105:14)\n    at Object.Module._extensions..js (node:internal/modules/cjs/loader:1159:10)\n    at Module.load (node:internal/modules/cjs/loader:981:32)","trace":[{"column":16,"file":"node:net","function":"Server.setupListenHandle [as _listen2]","line":1380,"method":"setupListenHandle [as _listen2]","native":false},{"column":12,"file":"node:net","function":"listenInCluster","line":1428,"method":null,"native":false},{"column":7,"file":"node:net","function":"Server.listen","line":1516,"method":"listen","native":false},{"column":24,"file":"C:\\Users\\91809\\Desktop\\bookstore\\node_modules\\express\\lib\\application.js","function":"Function.listen","line":635,"method":"listen","native":false},{"column":5,"file":"C:\\Users\\91809\\Desktop\\bookstore\\src\\/index.js","function":null,"line":37,"method":null,"native":false},{"column":14,"file":"node:internal/modules/cjs/loader","function":"Module._compile","line":1105,"method":"_compile","native":false},{"column":24,"file":"C:\\Users\\91809\\Desktop\\bookstore\\node_modules\\pirates\\lib\\index.js","function":"Module._compile","line":136,"method":"_compile","native":false},{"column":10,"file":"node:internal/modules/cjs/loader","function":"Module._extensions..js","line":1159,"method":".js","native":false},{"column":7,"file":"C:\\Users\\91809\\Desktop\\bookstore\\node_modules\\pirates\\lib\\index.js","function":"Object.newLoader [as .js]","line":141,"method":"js]","native":false},{"column":32,"file":"node:internal/modules/cjs/loader","function":"Module.load","line":981,"method":"load","native":false},{"column":12,"file":"node:internal/modules/cjs/loader","function":"Module._load","line":827,"method":"_load","native":false},{"column":12,"file":"node:internal/modules/run_main","function":"Function.executeUserEntryPoint [as runMain]","line":77,"method":"executeUserEntryPoint [as runMain]","native":false},{"column":21,"file":"C:\\Users\\91809\\Desktop\\bookstore\\node_modules\\@babel\\node\\lib\\_babel-node.js","function":null,"line":176,"method":null,"native":false},{"column":14,"file":"node:internal/modules/cjs/loader","function":"Module._compile","line":1105,"method":"_compile","native":false},{"column":10,"file":"node:internal/modules/cjs/loader","function":"Module._extensions..js","line":1159,"method":".js","native":false},{"column":32,"file":"node:internal/modules/cjs/loader","function":"Module.load","line":981,"method":"load","native":false}]}
info: ::1 - - [05/Jul/2022:17:13:15 +0000] "POST /api/v1/cart/6215178d05253301a4fda5c4 HTTP/1.1" 400 56 "-" "PostmanRuntime/7.29.0"

info: ::1 - - [05/Jul/2022:17:13:29 +0000] "POST /api/v1/cart/6215178d05253301a4fda5c4 HTTP/1.1" 201 362 "-" "PostmanRuntime/7.29.0"

info: ::1 - - [05/Jul/2022:17:34:44 +0000] "POST /api/v1/cart/6215178d05253301a4fda5c HTTP/1.1" 400 146 "-" "PostmanRuntime/7.29.0"

info: ::1 - - [05/Jul/2022:17:37:06 +0000] "POST /api/v1/cart/6215178d05253301a4fda5c4 HTTP/1.1" 400 65 "-" "PostmanRuntime/7.29.0"

info: ::1 - - [05/Jul/2022:17:38:34 +0000] "POST /api/v1/cart/6215178d05253301a4fda5c4 HTTP/1.1" 400 65 "-" "PostmanRuntime/7.29.0"

info: ::1 - - [05/Jul/2022:17:43:56 +0000] "POST /api/v1/users/login HTTP/1.1" 200 274 "-" "PostmanRuntime/7.29.0"

info: ::1 - - [05/Jul/2022:17:44:43 +0000] "POST /api/v1/cart/6215178d05253301a4fda5c4 HTTP/1.1" 400 65 "-" "PostmanRuntime/7.29.0"

info: ::1 - - [05/Jul/2022:17:46:49 +0000] "POST /api/v1/cart/6215178d05253301a4fda5c4 HTTP/1.1" 500 56 "-" "PostmanRuntime/7.29.0"

info: ::1 - - [05/Jul/2022:17:53:36 +0000] "POST /api/v1/cart/6215178d05253301a4fda5c4 HTTP/1.1" 500 56 "-" "PostmanRuntime/7.29.0"

info: ::1 - - [05/Jul/2022:17:57:35 +0000] "POST /api/v1/cart/6215178d05253301a4fda5c4 HTTP/1.1" 400 65 "-" "PostmanRuntime/7.29.0"

info: ::1 - - [05/Jul/2022:17:59:22 +0000] "POST /api/v1/cart/6215178d05253301a4fda5c4 HTTP/1.1" 400 65 "-" "PostmanRuntime/7.29.0"

info: ::1 - - [05/Jul/2022:18:59:57 +0000] "POST /api/v1/cart/6215178d05253301a4fda5c4 HTTP/1.1" 400 64 "-" "PostmanRuntime/7.29.0"

info: ::1 - - [05/Jul/2022:19:02:40 +0000] "POST /api/v1/cart/6215178d05253301a4fda5c4 HTTP/1.1" 201 358 "-" "PostmanRuntime/7.29.0"

info: ::1 - - [05/Jul/2022:19:03:47 +0000] "POST /api/v1/cart/6215178d05253301a4fda5c4 HTTP/1.1" 201 358 "-" "PostmanRuntime/7.29.0"

info: ::1 - - [05/Jul/2022:19:04:38 +0000] "POST /api/v1/cart/6215888305253301a4fda5cd HTTP/1.1" 201 349 "-" "PostmanRuntime/7.29.0"

info: ::1 - - [05/Jul/2022:19:13:23 +0000] "POST /api/v1/cart/6215888305253301a4fda5cd HTTP/1.1" 201 334 "-" "PostmanRuntime/7.29.0"

